<?xml version="1.0" encoding="UTF-8" ?>
<testsuite tests="10" failures="2" name="Tests.TestRunner" time="178.362" errors="0" skipped="0">
  <properties>
    <property name="java.runtime.name" value="Java(TM) SE Runtime Environment"/>
    <property name="cucumber.options" value="--tags @Rsdcarrier "/>
    <property name="sun.boot.library.path" value="C:\Program Files\Java\jdk1.8.0_171\jre\bin"/>
    <property name="java.vm.version" value="25.171-b11"/>
    <property name="java.vm.vendor" value="Oracle Corporation"/>
    <property name="maven.multiModuleProjectDirectory" value="C:\Users\agauravelly\IdeaProjects\SchedulesRegression"/>
    <property name="java.vendor.url" value="http://java.oracle.com/"/>
    <property name="path.separator" value=";"/>
    <property name="guice.disable.misplaced.annotation.check" value="true"/>
    <property name="java.vm.name" value="Java HotSpot(TM) 64-Bit Server VM"/>
    <property name="file.encoding.pkg" value="sun.io"/>
    <property name="user.script" value=""/>
    <property name="user.country" value="GB"/>
    <property name="sun.java.launcher" value="SUN_STANDARD"/>
    <property name="sun.os.patch.level" value="Service Pack 1"/>
    <property name="java.vm.specification.name" value="Java Virtual Machine Specification"/>
    <property name="user.dir" value="C:\Users\agauravelly\IdeaProjects\SchedulesRegression"/>
    <property name="java.runtime.version" value="1.8.0_171-b11"/>
    <property name="java.awt.graphicsenv" value="sun.awt.Win32GraphicsEnvironment"/>
    <property name="java.endorsed.dirs" value="C:\Program Files\Java\jdk1.8.0_171\jre\lib\endorsed"/>
    <property name="os.arch" value="amd64"/>
    <property name="java.io.tmpdir" value="C:\Users\AGAURA~1\AppData\Local\Temp\"/>
    <property name="line.separator" value="
"/>
    <property name="java.vm.specification.vendor" value="Oracle Corporation"/>
    <property name="user.variant" value=""/>
    <property name="os.name" value="Windows 7"/>
    <property name="classworlds.conf" value="C:\Users\agauravelly\Downloads\apache-maven-3.5.3-bin\apache-maven-3.5.3\bin\..\bin\m2.conf"/>
    <property name="sun.jnu.encoding" value="Cp1252"/>
    <property name="java.library.path" value="C:\Program Files\Java\jdk1.8.0_171\bin;C:\Windows\Sun\Java\bin;C:\Windows\system32;C:\Windows;C:\Program Files (x86)\Common Files\Oracle\Java\javapath;C:\Program Files (x86)\Intel\iCLS Client\;C:\Program Files\Intel\iCLS Client\;C:\Windows\system32;C:\Windows;C:\Windows\System32\Wbem;C:\Windows\System32\WindowsPowerShell\v1.0\;C:\Program Files\Intel\WiFi\bin\;C:\Program Files\Common Files\Intel\WirelessCommon\;C:\Program Files (x86)\Intel\UCRT\;C:\Program Files\Intel\UCRT\;C:\Program Files (x86)\Intel\Intel(R) Management Engine Components\DAL;C:\Program Files\Intel\Intel(R) Management Engine Components\DAL;C:\Program Files (x86)\Intel\Intel(R) Management Engine Components\IPT;C:\Program Files\Intel\Intel(R) Management Engine Components\IPT;c:\Program Files (x86)\Microsoft SQL Server\100\Tools\Binn\VSShell\Common7\IDE\;c:\Program Files (x86)\Microsoft SQL Server\100\Tools\Binn\;c:\Program Files (x86)\Microsoft SQL Server\100\DTS\Binn\;C:\Program Files\Java\jdk1.8.0_171\bin;C:\Users\agauravelly\Downloads\apache-maven-3.5.3-bin\apache-maven-3.5.3\bin;C:\Users\agauravelly\Downloads\apache-maven-3.5.3-bin\apache-maven-3.5.3\bin;C:\Program Files\Intel\WiFi\bin\;C:\Program Files\Common Files\Intel\WirelessCommon\;C:\Users\agauravelly\AppData\Local\Programs\Git\cmd;."/>
    <property name="maven.conf" value="C:\Users\agauravelly\Downloads\apache-maven-3.5.3-bin\apache-maven-3.5.3\bin\../conf"/>
    <property name="java.specification.name" value="Java Platform API Specification"/>
    <property name="java.class.version" value="52.0"/>
    <property name="sun.management.compiler" value="HotSpot 64-Bit Tiered Compilers"/>
    <property name="os.version" value="6.1"/>
    <property name="library.jansi.path" value="C:\Users\agauravelly\Downloads\apache-maven-3.5.3-bin\apache-maven-3.5.3\bin\..\lib\jansi-native"/>
    <property name="user.home" value="C:\Users\agauravelly"/>
    <property name="user.timezone" value="Europe/London"/>
    <property name="java.awt.printerjob" value="sun.awt.windows.WPrinterJob"/>
    <property name="java.specification.version" value="1.8"/>
    <property name="file.encoding" value="Cp1252"/>
    <property name="user.name" value="AGauravelly"/>
    <property name="java.class.path" value="C:\Users\agauravelly\Downloads\apache-maven-3.5.3-bin\apache-maven-3.5.3\bin\..\boot\plexus-classworlds-2.5.2.jar"/>
    <property name="java.vm.specification.version" value="1.8"/>
    <property name="sun.arch.data.model" value="64"/>
    <property name="java.home" value="C:\Program Files\Java\jdk1.8.0_171\jre"/>
    <property name="sun.java.command" value="org.codehaus.plexus.classworlds.launcher.Launcher clean install -Dcucumber.options=--tags @Rsdcarrier  -P uat"/>
    <property name="java.specification.vendor" value="Oracle Corporation"/>
    <property name="user.language" value="en"/>
    <property name="awt.toolkit" value="sun.awt.windows.WToolkit"/>
    <property name="java.vm.info" value="mixed mode"/>
    <property name="java.version" value="1.8.0_171"/>
    <property name="java.ext.dirs" value="C:\Program Files\Java\jdk1.8.0_171\jre\lib\ext;C:\Windows\Sun\Java\lib\ext"/>
    <property name="sun.boot.class.path" value="C:\Program Files\Java\jdk1.8.0_171\jre\lib\resources.jar;C:\Program Files\Java\jdk1.8.0_171\jre\lib\rt.jar;C:\Program Files\Java\jdk1.8.0_171\jre\lib\sunrsasign.jar;C:\Program Files\Java\jdk1.8.0_171\jre\lib\jsse.jar;C:\Program Files\Java\jdk1.8.0_171\jre\lib\jce.jar;C:\Program Files\Java\jdk1.8.0_171\jre\lib\charsets.jar;C:\Program Files\Java\jdk1.8.0_171\jre\lib\jfr.jar;C:\Program Files\Java\jdk1.8.0_171\jre\classes"/>
    <property name="sun.stderr.encoding" value="cp850"/>
    <property name="java.vendor" value="Oracle Corporation"/>
    <property name="maven.home" value="C:\Users\agauravelly\Downloads\apache-maven-3.5.3-bin\apache-maven-3.5.3\bin\.."/>
    <property name="file.separator" value="\"/>
    <property name="java.vendor.url.bug" value="http://bugreport.sun.com/bugreport/"/>
    <property name="sun.cpu.endian" value="little"/>
    <property name="sun.io.unicode.encoding" value="UnicodeLittle"/>
    <property name="sun.stdout.encoding" value="cp850"/>
    <property name="sun.desktop" value="windows"/>
    <property name="sun.cpu.isalist" value="amd64"/>
  </properties>
  <testcase classname="| F9 | Schedules | 24MAY18 |" name="Given Iam logged in" time="0"/>
  <testcase classname="| F9 | Schedules | 24MAY18 |" name="And Iam on \&quot;ntp7admin\&quot; menu" time="0"/>
  <testcase classname="| F9 | Schedules | 24MAY18 |" name="When I click on \&quot;Commit Date Reset\&quot; menu" time="0"/>
  <testcase classname="| F9 | Schedules | 24MAY18 |" name="Then I should be able to reset commit date for \&quot;F9\&quot; with \&quot;Schedules\&quot; and \&quot;24MAY18\&quot;" time="0"/>
  <testcase classname="| F9 | Schedules | 24MAY18 |" name="And Iam on \&quot;schedules\&quot; menu" time="0"/>
  <testcase classname="| F9 | Schedules | 24MAY18 |" name="When I search for \&quot;F9\&quot; with \&quot;Schedules\&quot; with \&quot;Current Level Only\&quot; RSD" time="0"/>
  <testcase classname="| F9 | Schedules | 24MAY18 |" name="And I  edit and  save each itenerary" time="0"/>
  <testcase classname="| F9 | Schedules | 24MAY18 |" name="When I click on \&quot;Work In Progress\&quot; menu" time="0"/>
  <testcase classname="| F9 | Schedules | 24MAY18 |" name="Then I should be able to initiate commit for \&quot;F9\&quot; with \&quot;Schedules\&quot; verifying\&quot;24MAY18\&quot;" time="0.005">
    <failure message="RSD date is not same" type="java.lang.AssertionError">java.lang.AssertionError: RSD date is not same
	at org.junit.Assert.fail(Assert.java:88)
	at org.junit.Assert.assertTrue(Assert.java:41)
	at Pages.UpmPage.initCommitRsdCarrier(UpmPage.java:87)
	at Tests.NtpTests.iShouldBeAbleToInitiateCommitForWithVerifying(NtpTests.java:22)
	at ✽.Then I should be able to initiate commit for &quot;F9&quot; with &quot;Schedules&quot; verifying&quot;24MAY18&quot;(CommitDateReset.feature:18)
</failure>
    <system-out>18Number of carriers found 


0V Vietnam Air Service Company
Schedules
2L Helvetic Airways
Schedules
AI Air India
Schedules
AM Aeromexico
Schedules
DD Nok Air
Schedules
DT TAAG Angola Airlines
Test
F9 Frontier Airlines Inc.
Schedules
Found the carrier ** F9 Frontier Airlines Inc.With version **Schedulesat the index of ***7
</system-out>
  </testcase>
  <testcase classname="| F9 | Schedules | 24MAY18 |" name="| F9 | Schedules | 24MAY18 |" time="0.005">
    <failure message="RSD date is not same" type="java.lang.AssertionError">java.lang.AssertionError: RSD date is not same
	at org.junit.Assert.fail(Assert.java:88)
	at org.junit.Assert.assertTrue(Assert.java:41)
	at Pages.UpmPage.initCommitRsdCarrier(UpmPage.java:87)
	at Tests.NtpTests.iShouldBeAbleToInitiateCommitForWithVerifying(NtpTests.java:22)
	at ✽.Then I should be able to initiate commit for &quot;F9&quot; with &quot;Schedules&quot; verifying&quot;24MAY18&quot;(CommitDateReset.feature:18)
</failure>
  </testcase>
</testsuite>